================================================================================
PHASE 7: VALIDATION & TESTING - COMPREHENSIVE REPORT
================================================================================
Generated: 2025-09-20 00:29:12
Duration: 6.6 seconds
Overall Status: FAILED

MAIN TEST SUMMARY
----------------------------------------
Test Suites: 0/3 passed (0.0%)
Individual Tests: 0/0 passed (0.0%)
Failed Tests: 0
Error Tests: 0

REGRESSION TEST SUMMARY
----------------------------------------
Regression Success Rate: 0.0%
Regression Status: FAILED

REQUIREMENTS COMPLIANCE
----------------------------------------
Task 7.1 (Integration): âŒ FAILED
Task 7.2 (Scientific): âŒ FAILED
Task 7.3 (Edge Cases): âŒ FAILED
No Regressions: âŒ FAILED

DETAILED RESULTS
----------------------------------------
âŒ integration_tests: FAILED (0.8s)
âŒ scientific_validation: FAILED (0.8s)
âŒ edge_case_tests: FAILED (0.8s)

RECOMMENDATIONS
----------------------------------------
âŒ Major validation failures - system not ready for deployment
ğŸš¨ Critical issues detected - comprehensive review required
ğŸ”§ Fix integration test failures - end-to-end pipeline issues detected
ğŸ§ª Address scientific validation failures - physics implementation issues
ğŸ›¡ï¸  Improve edge case handling - robustness issues detected

================================================================================
