================================================================================
PHASE 7: VALIDATION & TESTING - COMPREHENSIVE REPORT
================================================================================
Generated: 2025-09-20 00:29:12
Duration: 6.6 seconds
Overall Status: FAILED

MAIN TEST SUMMARY
----------------------------------------
Test Suites: 0/3 passed (0.0%)
Individual Tests: 0/0 passed (0.0%)
Failed Tests: 0
Error Tests: 0

REGRESSION TEST SUMMARY
----------------------------------------
Regression Success Rate: 0.0%
Regression Status: FAILED

REQUIREMENTS COMPLIANCE
----------------------------------------
Task 7.1 (Integration): ❌ FAILED
Task 7.2 (Scientific): ❌ FAILED
Task 7.3 (Edge Cases): ❌ FAILED
No Regressions: ❌ FAILED

DETAILED RESULTS
----------------------------------------
❌ integration_tests: FAILED (0.8s)
❌ scientific_validation: FAILED (0.8s)
❌ edge_case_tests: FAILED (0.8s)

RECOMMENDATIONS
----------------------------------------
❌ Major validation failures - system not ready for deployment
🚨 Critical issues detected - comprehensive review required
🔧 Fix integration test failures - end-to-end pipeline issues detected
🧪 Address scientific validation failures - physics implementation issues
🛡️  Improve edge case handling - robustness issues detected

================================================================================
